<?xml version="1.0" encoding="UTF-8"?>
<!-- Generated by org.testng.reporters.JUnitXMLReporter -->
<testsuite hostname="madhavi" ignored="0" name="Test" tests="4" failures="1" timestamp="27 Nov 2018 08:22:25 GMT" time="52.646" errors="0">
  <testcase name="javasyllabustitle" time="0.027" classname="com.jbk.qa.testcase.JavaSyllabusTest">
    <failure type="java.lang.AssertionError" message="Title not matched expected [About Us | Java By Kiran] but found [Core Java J2EE Syllabus | Java By Kiran]">
      <![CDATA[java.lang.AssertionError: Title not matched expected [About Us | Java By Kiran] but found [Core Java J2EE Syllabus | Java By Kiran]
at com.jbk.qa.testcase.JavaSyllabusTest.javasyllabustitle(JavaSyllabusTest.java:42)
... Removed 30 stack frames]]>
    </failure>
  </testcase> <!-- javasyllabustitle -->
  <testcase name="HomepageTitleTest" time="0.015" classname="com.jbk.qa.testcase.Hometst"/>
  <testcase name="AboutsirtitleTest" time="0.022" classname="com.jbk.qa.testcase.Aboutsirtest"/>
  <testcase name="contacttitle" time="0.02" classname="com.jbk.qa.testcase.ContactTest"/>
</testsuite> <!-- Test -->
